<?xml version="1.0" encoding="UTF-8"?>
<testsuite name="com.bxw.gradleDemo.PersonTest" tests="1" skipped="0" failures="0" errors="0" timestamp="2018-03-15T09:50:32" hostname="baoxw" time="0.012">
  <properties/>
  <testcase name="getName" classname="com.bxw.gradleDemo.PersonTest" time="0.012"/>
  <system-out><![CDATA[]]></system-out>
  <system-err><![CDATA[]]></system-err>
</testsuite>
